D:\compressdomain\HMC++\Kimono\HM_16.0_features\build\\vc10\x64\Release\TLibDecoderAnalyser\TLibDecoderAnalyser.lib
D:\COMPRESSDOMAIN\HMC++\KIMONO\HM_16.0_FEATURES\BUILD\VC10\X64\RELEASE\TLIBDECODERANALYSER\ANNEXBREAD.OBJ
D:\compressdomain\HMC++\Kimono\HM_16.0_features\build\vc10\x64\Release\TLibDecoderAnalyser\cl.command.1.tlog
D:\compressdomain\HMC++\Kimono\HM_16.0_features\build\vc10\x64\Release\TLibDecoderAnalyser\CL.read.1.tlog
D:\compressdomain\HMC++\Kimono\HM_16.0_features\build\vc10\x64\Release\TLibDecoderAnalyser\CL.write.1.tlog
D:\compressdomain\HMC++\Kimono\HM_16.0_features\build\vc10\x64\Release\TLibDecoderAnalyser\lib.command.1.tlog
D:\compressdomain\HMC++\Kimono\HM_16.0_features\build\vc10\x64\Release\TLibDecoderAnalyser\Lib-link.read.1.tlog
D:\compressdomain\HMC++\Kimono\HM_16.0_features\build\vc10\x64\Release\TLibDecoderAnalyser\Lib-link.write.1.tlog
D:\COMPRESSDOMAIN\HMC++\KIMONO\HM_16.0_FEATURES\BUILD\VC10\X64\RELEASE\TLIBDECODERANALYSER\NALREAD.OBJ
D:\COMPRESSDOMAIN\HMC++\KIMONO\HM_16.0_FEATURES\BUILD\VC10\X64\RELEASE\TLIBDECODERANALYSER\SALMAT.OBJ
D:\COMPRESSDOMAIN\HMC++\KIMONO\HM_16.0_FEATURES\BUILD\VC10\X64\RELEASE\TLIBDECODERANALYSER\SEIREAD.OBJ
D:\COMPRESSDOMAIN\HMC++\KIMONO\HM_16.0_FEATURES\BUILD\VC10\X64\RELEASE\TLIBDECODERANALYSER\SYNTAXELEMENTPARSER.OBJ
D:\COMPRESSDOMAIN\HMC++\KIMONO\HM_16.0_FEATURES\BUILD\VC10\X64\RELEASE\TLIBDECODERANALYSER\TDECBINCODERCABAC.OBJ
D:\COMPRESSDOMAIN\HMC++\KIMONO\HM_16.0_FEATURES\BUILD\VC10\X64\RELEASE\TLIBDECODERANALYSER\TDECCAVLC.OBJ
D:\COMPRESSDOMAIN\HMC++\KIMONO\HM_16.0_FEATURES\BUILD\VC10\X64\RELEASE\TLIBDECODERANALYSER\TDECCU.OBJ
D:\COMPRESSDOMAIN\HMC++\KIMONO\HM_16.0_FEATURES\BUILD\VC10\X64\RELEASE\TLIBDECODERANALYSER\TDECENTROPY.OBJ
D:\COMPRESSDOMAIN\HMC++\KIMONO\HM_16.0_FEATURES\BUILD\VC10\X64\RELEASE\TLIBDECODERANALYSER\TDECGOP.OBJ
D:\COMPRESSDOMAIN\HMC++\KIMONO\HM_16.0_FEATURES\BUILD\VC10\X64\RELEASE\TLIBDECODERANALYSER\TDECSBAC.OBJ
D:\COMPRESSDOMAIN\HMC++\KIMONO\HM_16.0_FEATURES\BUILD\VC10\X64\RELEASE\TLIBDECODERANALYSER\TDECSLICE.OBJ
D:\COMPRESSDOMAIN\HMC++\KIMONO\HM_16.0_FEATURES\BUILD\VC10\X64\RELEASE\TLIBDECODERANALYSER\TDECTOP.OBJ
D:\COMPRESSDOMAIN\HMC++\KIMONO\HM_16.0_FEATURES\BUILD\VC10\X64\RELEASE\TLIBDECODERANALYSER\TLIBDECODERANALYSER.LIB
D:\compressdomain\HMC++\Kimono\HM_16.0_features\build\vc10\x64\Release\TLibDecoderAnalyser\TLibDecoderAnalyser.write.1.tlog
D:\compressdomain\HMC++\Kimono\HM_16.0_features\build\vc10\x64\Release\TLibDecoderAnalyser\TLibDecoderAnalyser_vc10.vcxprojResolveAssemblyReference.cache
D:\COMPRESSDOMAIN\HMC++\KIMONO\HM_16.0_FEATURES\BUILD\VC10\X64\RELEASE\TLIBDECODERANALYSER\VC100.PDB
