生成启动时间为 2016/12/25 23:40:53。
     1>项目“D:\compressdomain\HMC++\Kimono\HM_16.0_features\build\vc10\TLibDecoderAnalyser_vc10.vcxproj”在节点 7 上(rebuild 个目标)。
     1>_PrepareForClean:
         正在删除文件“D:\compressdomain\HMC++\Kimono\HM_16.0_features\build\\vc10\x64\Release\TLibDecoderAnalyser\TLibDecoderAnalyser.lastbuildstate”。
       InitializeBuildStatus:
         正在创建“D:\compressdomain\HMC++\Kimono\HM_16.0_features\build\\vc10\x64\Release\TLibDecoderAnalyser\TLibDecoderAnalyser.unsuccessfulbuild”，因为已指定“AlwaysCreate”。
       ClCompile:
         C:\Program Files (x86)\Microsoft Visual Studio 10.0\VC\bin\x86_amd64\CL.exe /c /ID:\compressdomain\HMC++\Kimono\HM_16.0_features\build\\..\source\Lib\ /ID:\compressdomain\HMC++\Kimono\HM_16.0_features\build\\..\compat\msvc /Zi /nologo /W3 /WX- /O2 /Ob2 /Ot /GL /D WIN32 /D _LIB /D _CRT_SECURE_NO_WARNINGS /D _MBCS /GF /Gm- /EHsc /MT /GS /Gy /fp:precise /Zc:wchar_t /Zc:forScope /Fo"D:\compressdomain\HMC++\Kimono\HM_16.0_features\build\\vc10\x64\Release\TLibDecoderAnalyser\\" /Fd"D:\compressdomain\HMC++\Kimono\HM_16.0_features\build\\vc10\x64\Release\TLibDecoderAnalyser\vc100.pdb" /Gd /TP /errorReport:prompt ..\..\source\Lib\TLibDecoder\AnnexBread.cpp ..\..\source\Lib\TLibDecoder\NALread.cpp ..\..\source\Lib\TLibDecoder\salmat.cpp ..\..\source\Lib\TLibDecoder\SEIread.cpp ..\..\source\Lib\TLibDecoder\SyntaxElementParser.cpp ..\..\source\Lib\TLibDecoder\TDecBinCoderCABAC.cpp ..\..\source\Lib\TLibDecoder\TDecCAVLC.cpp ..\..\source\Lib\TLibDecoder\TDecCu.cpp ..\..\source\Lib\TLibDecoder\TDecEntropy.cpp ..\..\source\Lib\TLibDecoder\TDecGop.cpp ..\..\source\Lib\TLibDecoder\TDecSbac.cpp ..\..\source\Lib\TLibDecoder\TDecSlice.cpp ..\..\source\Lib\TLibDecoder\TDecTop.cpp
         AnnexBread.cpp
         NALread.cpp
         salmat.cpp
     1>..\..\source\Lib\TLibDecoder\salmat.cpp(196): warning C4244: “=”: 从“double”转换到“float”，可能丢失数据
     1>..\..\source\Lib\TLibDecoder\salmat.cpp(165): warning C4101: “temptresh2”: 未引用的局部变量
     1>..\..\source\Lib\TLibDecoder\salmat.cpp(205): warning C4101: “flitersize”: 未引用的局部变量
     1>..\..\source\Lib\TLibDecoder\salmat.cpp(224): warning C4244: “初始化”: 从“float”转换到“UInt”，可能丢失数据
     1>..\..\source\Lib\TLibDecoder\salmat.cpp(225): warning C4244: “初始化”: 从“float”转换到“UInt”，可能丢失数据
     1>..\..\source\Lib\TLibDecoder\salmat.cpp(232): warning C4101: “flitersize”: 未引用的局部变量
     1>..\..\source\Lib\TLibDecoder\salmat.cpp(278): warning C4244: “初始化”: 从“float”转换到“UInt”，可能丢失数据
     1>..\..\source\Lib\TLibDecoder\salmat.cpp(279): warning C4244: “初始化”: 从“float”转换到“UInt”，可能丢失数据
     1>..\..\source\Lib\TLibDecoder\salmat.cpp(289): warning C4101: “flitersize”: 未引用的局部变量
     1>..\..\source\Lib\TLibDecoder\salmat.cpp(352): warning C4244: “=”: 从“float”转换到“int”，可能丢失数据
     1>..\..\source\Lib\TLibDecoder\salmat.cpp(353): warning C4244: “=”: 从“float”转换到“int”，可能丢失数据
     1>..\..\source\Lib\TLibDecoder\salmat.cpp(365): warning C4244: “=”: 从“float”转换到“int”，可能丢失数据
     1>..\..\source\Lib\TLibDecoder\salmat.cpp(385): warning C4244: “=”: 从“double”转换到“float”，可能丢失数据
     1>..\..\source\Lib\TLibDecoder\salmat.cpp(346): warning C4101: “flitersize”: 未引用的局部变量
     1>..\..\source\Lib\TLibDecoder\salmat.cpp(423): warning C4244: “=”: 从“float”转换到“int”，可能丢失数据
     1>..\..\source\Lib\TLibDecoder\salmat.cpp(424): warning C4244: “=”: 从“float”转换到“int”，可能丢失数据
     1>..\..\source\Lib\TLibDecoder\salmat.cpp(443): warning C4244: “=”: 从“float”转换到“int”，可能丢失数据
     1>..\..\source\Lib\TLibDecoder\salmat.cpp(444): warning C4244: “=”: 从“float”转换到“int”，可能丢失数据
     1>..\..\source\Lib\TLibDecoder\salmat.cpp(456): warning C4244: “=”: 从“float”转换到“int”，可能丢失数据
     1>..\..\source\Lib\TLibDecoder\salmat.cpp(477): warning C4244: “=”: 从“double”转换到“float”，可能丢失数据
     1>..\..\source\Lib\TLibDecoder\salmat.cpp(438): warning C4101: “flitersize”: 未引用的局部变量
     1>..\..\source\Lib\TLibDecoder\salmat.cpp(489): warning C4101: “flitersize”: 未引用的局部变量
     1>..\..\source\Lib\TLibDecoder\salmat.cpp(505): warning C4101: “i”: 未引用的局部变量
     1>..\..\source\Lib\TLibDecoder\salmat.cpp(505): warning C4101: “j”: 未引用的局部变量
         SEIread.cpp
         SyntaxElementParser.cpp
         TDecBinCoderCABAC.cpp
         TDecCAVLC.cpp
         TDecCu.cpp
     1>..\..\source\Lib\TLibDecoder\TDecCu.cpp(154): warning C4244: “=”: 从“UInt”转换到“float”，可能丢失数据
     1>..\..\source\Lib\TLibDecoder\TDecCu.cpp(177): warning C4244: “=”: 从“Int”转换到“float”，可能丢失数据
     1>..\..\source\Lib\TLibDecoder\TDecCu.cpp(237): warning C4244: “=”: 从“Int”转换到“float”，可能丢失数据
     1>..\..\source\Lib\TLibDecoder\TDecCu.cpp(243): warning C4244: “=”: 从“Int”转换到“float”，可能丢失数据
     1>..\..\source\Lib\TLibDecoder\TDecCu.cpp(252): warning C4244: “=”: 从“Int”转换到“float”，可能丢失数据
     1>..\..\source\Lib\TLibDecoder\TDecCu.cpp(253): warning C4244: “=”: 从“Int”转换到“float”，可能丢失数据
     1>..\..\source\Lib\TLibDecoder\TDecCu.cpp(254): warning C4244: “=”: 从“Int”转换到“float”，可能丢失数据
     1>..\..\source\Lib\TLibDecoder\TDecCu.cpp(260): warning C4244: “=”: 从“Int”转换到“float”，可能丢失数据
     1>..\..\source\Lib\TLibDecoder\TDecCu.cpp(261): warning C4244: “=”: 从“Int”转换到“float”，可能丢失数据
     1>..\..\source\Lib\TLibDecoder\TDecCu.cpp(262): warning C4244: “=”: 从“Int”转换到“float”，可能丢失数据
     1>..\..\source\Lib\TLibDecoder\TDecCu.cpp(268): warning C4244: “=”: 从“Int”转换到“float”，可能丢失数据
     1>..\..\source\Lib\TLibDecoder\TDecCu.cpp(269): warning C4244: “=”: 从“Int”转换到“float”，可能丢失数据
     1>..\..\source\Lib\TLibDecoder\TDecCu.cpp(270): warning C4244: “=”: 从“Int”转换到“float”，可能丢失数据
     1>..\..\source\Lib\TLibDecoder\TDecCu.cpp(273): warning C4244: “=”: 从“Int”转换到“float”，可能丢失数据
     1>..\..\source\Lib\TLibDecoder\TDecCu.cpp(274): warning C4244: “=”: 从“Int”转换到“float”，可能丢失数据
     1>..\..\source\Lib\TLibDecoder\TDecCu.cpp(275): warning C4244: “=”: 从“Int”转换到“float”，可能丢失数据
         TDecEntropy.cpp
         TDecGop.cpp
     1>d:\compressdomain\hmc++\kimono\hm_16.0_features\source\lib\tlibdecoder\func.h(184): warning C4244: “=”: 从“float”转换到“int”，可能丢失数据
     1>d:\compressdomain\hmc++\kimono\hm_16.0_features\source\lib\tlibdecoder\code_mat_h.h(61): warning C4244: “=”: 从“float”转换到“int”，可能丢失数据
     1>d:\compressdomain\hmc++\kimono\hm_16.0_features\source\lib\tlibdecoder\code_mat_h.h(332): warning C4244: “初始化”: 从“float”转换到“int”，可能丢失数据
     1>d:\compressdomain\hmc++\kimono\hm_16.0_features\source\lib\tlibdecoder\code_mat_h.h(319): warning C4101: “in”: 未引用的局部变量
     1>d:\compressdomain\hmc++\kimono\hm_16.0_features\source\lib\tlibdecoder\code_mat_h.h(388): warning C4101: “info_15_l”: 未引用的局部变量
     1>d:\compressdomain\hmc++\kimono\hm_16.0_features\source\lib\tlibdecoder\code_mat_h.h(388): warning C4101: “addr_15_new”: 未引用的局部变量
     1>d:\compressdomain\hmc++\kimono\hm_16.0_features\source\lib\tlibdecoder\code_mat_h.h(485): warning C4244: “=”: 从“float”转换到“int”，可能丢失数据
     1>d:\compressdomain\hmc++\kimono\hm_16.0_features\source\lib\tlibdecoder\code_mat_h.h(490): warning C4244: “=”: 从“float”转换到“int”，可能丢失数据
     1>d:\compressdomain\hmc++\kimono\hm_16.0_features\source\lib\tlibdecoder\code_mat_h.h(500): warning C4244: “=”: 从“float”转换到“int”，可能丢失数据
     1>d:\compressdomain\hmc++\kimono\hm_16.0_features\source\lib\tlibdecoder\code_mat_h.h(507): warning C4244: “=”: 从“float”转换到“int”，可能丢失数据
     1>d:\compressdomain\hmc++\kimono\hm_16.0_features\source\lib\tlibdecoder\code_mat_h.h(533): warning C4244: “=”: 从“float”转换到“int”，可能丢失数据
     1>d:\compressdomain\hmc++\kimono\hm_16.0_features\source\lib\tlibdecoder\code_mat_h.h(539): warning C4244: “=”: 从“float”转换到“int”，可能丢失数据
     1>d:\compressdomain\hmc++\kimono\hm_16.0_features\source\lib\tlibdecoder\code_mat_h.h(549): warning C4244: “=”: 从“float”转换到“int”，可能丢失数据
     1>d:\compressdomain\hmc++\kimono\hm_16.0_features\source\lib\tlibdecoder\code_mat_h.h(559): warning C4244: “=”: 从“float”转换到“int”，可能丢失数据
     1>d:\compressdomain\hmc++\kimono\hm_16.0_features\source\lib\tlibdecoder\code_mat_h.h(607): warning C4244: “=”: 从“int”转换到“float”，可能丢失数据
     1>d:\compressdomain\hmc++\kimono\hm_16.0_features\source\lib\tlibdecoder\code_mat_h.h(608): warning C4244: “=”: 从“int”转换到“float”，可能丢失数据
     1>d:\compressdomain\hmc++\kimono\hm_16.0_features\source\lib\tlibdecoder\code_mat_h.h(630): warning C4244: “参数”: 从“float”转换到“int”，可能丢失数据
     1>d:\compressdomain\hmc++\kimono\hm_16.0_features\source\lib\tlibdecoder\code_mat_h.h(638): warning C4244: “=”: 从“int”转换到“float”，可能丢失数据
     1>..\..\source\Lib\TLibDecoder\TDecGop.cpp(97): warning C4305: “初始化”: 从“double”到“float”截断
     1>..\..\source\Lib\TLibDecoder\TDecGop.cpp(97): warning C4305: “初始化”: 从“double”到“float”截断
     1>..\..\source\Lib\TLibDecoder\TDecGop.cpp(97): warning C4305: “初始化”: 从“double”到“float”截断
     1>..\..\source\Lib\TLibDecoder\TDecGop.cpp(97): warning C4305: “初始化”: 从“double”到“float”截断
     1>..\..\source\Lib\TLibDecoder\TDecGop.cpp(97): warning C4305: “初始化”: 从“double”到“float”截断
     1>..\..\source\Lib\TLibDecoder\TDecGop.cpp(97): warning C4305: “初始化”: 从“double”到“float”截断
     1>..\..\source\Lib\TLibDecoder\TDecGop.cpp(97): warning C4305: “初始化”: 从“double”到“float”截断
     1>..\..\source\Lib\TLibDecoder\TDecGop.cpp(97): warning C4305: “初始化”: 从“double”到“float”截断
     1>..\..\source\Lib\TLibDecoder\TDecGop.cpp(97): warning C4305: “初始化”: 从“double”到“float”截断
     1>..\..\source\Lib\TLibDecoder\TDecGop.cpp(232): warning C4244: “初始化”: 从“float”转换到“UInt”，可能丢失数据
     1>..\..\source\Lib\TLibDecoder\TDecGop.cpp(233): warning C4244: “初始化”: 从“float”转换到“UInt”，可能丢失数据
     1>..\..\source\Lib\TLibDecoder\TDecGop.cpp(234): warning C4244: “初始化”: 从“float”转换到“UInt”，可能丢失数据
     1>..\..\source\Lib\TLibDecoder\TDecGop.cpp(235): warning C4244: “初始化”: 从“float”转换到“UInt”，可能丢失数据
     1>..\..\source\Lib\TLibDecoder\TDecGop.cpp(292): warning C4244: “=”: 从“double”转换到“float”，可能丢失数据
     1>..\..\source\Lib\TLibDecoder\TDecGop.cpp(380): warning C4244: “=”: 从“double”转换到“float”，可能丢失数据
     1>..\..\source\Lib\TLibDecoder\TDecGop.cpp(393): warning C4244: “=”: 从“double”转换到“float”，可能丢失数据
     1>..\..\source\Lib\TLibDecoder\TDecGop.cpp(657): warning C4244: “=”: 从“double”转换到“int”，可能丢失数据
     1>..\..\source\Lib\TLibDecoder\TDecGop.cpp(648): warning C4101: “temp”: 未引用的局部变量
     1>..\..\source\Lib\TLibDecoder\TDecGop.cpp(691): warning C4101: “tempmean”: 未引用的局部变量
     1>..\..\source\Lib\TLibDecoder\TDecGop.cpp(788): warning C4244: “return”: 从“double”转换到“float”，可能丢失数据
         TDecSbac.cpp
         TDecSlice.cpp
         TDecTop.cpp
       Lib:
         C:\Program Files (x86)\Microsoft Visual Studio 10.0\VC\bin\x86_amd64\Lib.exe /OUT:"D:\compressdomain\HMC++\Kimono\HM_16.0_features\build\\vc10\x64\Release\TLibDecoderAnalyser\TLibDecoderAnalyser.lib" /NOLOGO /LTCG D:\compressdomain\HMC++\Kimono\HM_16.0_features\build\\vc10\x64\Release\TLibDecoderAnalyser\AnnexBread.obj
         D:\compressdomain\HMC++\Kimono\HM_16.0_features\build\\vc10\x64\Release\TLibDecoderAnalyser\NALread.obj
         D:\compressdomain\HMC++\Kimono\HM_16.0_features\build\\vc10\x64\Release\TLibDecoderAnalyser\salmat.obj
         D:\compressdomain\HMC++\Kimono\HM_16.0_features\build\\vc10\x64\Release\TLibDecoderAnalyser\SEIread.obj
         D:\compressdomain\HMC++\Kimono\HM_16.0_features\build\\vc10\x64\Release\TLibDecoderAnalyser\SyntaxElementParser.obj
         D:\compressdomain\HMC++\Kimono\HM_16.0_features\build\\vc10\x64\Release\TLibDecoderAnalyser\TDecBinCoderCABAC.obj
         D:\compressdomain\HMC++\Kimono\HM_16.0_features\build\\vc10\x64\Release\TLibDecoderAnalyser\TDecCAVLC.obj
         D:\compressdomain\HMC++\Kimono\HM_16.0_features\build\\vc10\x64\Release\TLibDecoderAnalyser\TDecCu.obj
         D:\compressdomain\HMC++\Kimono\HM_16.0_features\build\\vc10\x64\Release\TLibDecoderAnalyser\TDecEntropy.obj
         D:\compressdomain\HMC++\Kimono\HM_16.0_features\build\\vc10\x64\Release\TLibDecoderAnalyser\TDecGop.obj
         D:\compressdomain\HMC++\Kimono\HM_16.0_features\build\\vc10\x64\Release\TLibDecoderAnalyser\TDecSbac.obj
         D:\compressdomain\HMC++\Kimono\HM_16.0_features\build\\vc10\x64\Release\TLibDecoderAnalyser\TDecSlice.obj
         D:\compressdomain\HMC++\Kimono\HM_16.0_features\build\\vc10\x64\Release\TLibDecoderAnalyser\TDecTop.obj
         TLibDecoderAnalyser_vc10.vcxproj -> D:\compressdomain\HMC++\Kimono\HM_16.0_features\build\\vc10\x64\Release\TLibDecoderAnalyser\TLibDecoderAnalyser.lib
       FinalizeBuildStatus:
         正在删除文件“D:\compressdomain\HMC++\Kimono\HM_16.0_features\build\\vc10\x64\Release\TLibDecoderAnalyser\TLibDecoderAnalyser.unsuccessfulbuild”。
         正在对“D:\compressdomain\HMC++\Kimono\HM_16.0_features\build\\vc10\x64\Release\TLibDecoderAnalyser\TLibDecoderAnalyser.lastbuildstate”执行 Touch 任务。
     1>已完成生成项目“D:\compressdomain\HMC++\Kimono\HM_16.0_features\build\vc10\TLibDecoderAnalyser_vc10.vcxproj”(rebuild 个目标)的操作。

生成成功。

已用时间 00:00:09.02
