D:\compressdomain\release\HM16.0_fixqp\build\vc10\Win32\Debug\TAppEncoder\cl.command.1.tlog
D:\compressdomain\release\HM16.0_fixqp\build\vc10\Win32\Debug\TAppEncoder\CL.read.1.tlog
D:\compressdomain\release\HM16.0_fixqp\build\vc10\Win32\Debug\TAppEncoder\CL.write.1.tlog
D:\COMPRESSDOMAIN\RELEASE\HM16.0_FIXQP\BUILD\VC10\WIN32\DEBUG\TAPPENCODER\ENCMAIN.OBJ
D:\compressdomain\release\HM16.0_fixqp\build\vc10\Win32\Debug\TAppEncoder\link.7296.read.1.tlog
D:\compressdomain\release\HM16.0_fixqp\build\vc10\Win32\Debug\TAppEncoder\link.7296.write.1.tlog
D:\compressdomain\release\HM16.0_fixqp\build\vc10\Win32\Debug\TAppEncoder\link.7296-cvtres.read.1.tlog
D:\compressdomain\release\HM16.0_fixqp\build\vc10\Win32\Debug\TAppEncoder\link.7296-cvtres.write.1.tlog
D:\compressdomain\release\HM16.0_fixqp\build\vc10\Win32\Debug\TAppEncoder\link.command.1.tlog
D:\compressdomain\release\HM16.0_fixqp\build\vc10\Win32\Debug\TAppEncoder\link.read.1.tlog
D:\compressdomain\release\HM16.0_fixqp\build\vc10\Win32\Debug\TAppEncoder\link.write.1.tlog
D:\compressdomain\release\HM16.0_fixqp\build\vc10\Win32\Debug\TAppEncoder\link-cvtres.read.1.tlog
D:\compressdomain\release\HM16.0_fixqp\build\vc10\Win32\Debug\TAppEncoder\link-cvtres.write.1.tlog
D:\compressdomain\release\HM16.0_fixqp\build\vc10\Win32\Debug\TAppEncoder\mt.command.1.tlog
D:\compressdomain\release\HM16.0_fixqp\build\vc10\Win32\Debug\TAppEncoder\mt.read.1.tlog
D:\compressdomain\release\HM16.0_fixqp\build\vc10\Win32\Debug\TAppEncoder\mt.write.1.tlog
D:\compressdomain\release\HM16.0_fixqp\build\vc10\Win32\Debug\TAppEncoder\rc.command.1.tlog
D:\compressdomain\release\HM16.0_fixqp\build\vc10\Win32\Debug\TAppEncoder\rc.read.1.tlog
D:\compressdomain\release\HM16.0_fixqp\build\vc10\Win32\Debug\TAppEncoder\rc.write.1.tlog
D:\COMPRESSDOMAIN\RELEASE\HM16.0_FIXQP\BUILD\VC10\WIN32\DEBUG\TAPPENCODER\TAPPENCCFG.OBJ
D:\compressdomain\release\HM16.0_fixqp\build\vc10\Win32\Debug\TAppEncoder\TAppEncoder.exe.embed.manifest
D:\compressdomain\release\HM16.0_fixqp\build\vc10\Win32\Debug\TAppEncoder\TAppEncoder.exe.intermediate.manifest
D:\compressdomain\release\HM16.0_fixqp\build\vc10\Win32\Debug\TAppEncoder\TAppEncoder.write.1.tlog
D:\compressdomain\release\HM16.0_fixqp\build\vc10\Win32\Debug\TAppEncoder\TAppEncoder_manifest.rc
D:\compressdomain\release\HM16.0_fixqp\build\vc10\Win32\Debug\TAppEncoder\TAppEncoder_vc10.vcxprojResolveAssemblyReference.cache
D:\COMPRESSDOMAIN\RELEASE\HM16.0_FIXQP\BUILD\VC10\WIN32\DEBUG\TAPPENCODER\TAPPENCTOP.OBJ
D:\compressdomain\release\HM16.0_fixqp\build\vc10\Win32\Debug\TAppEncoder\vc100.idb
D:\COMPRESSDOMAIN\RELEASE\HM16.0_FIXQP\BUILD\VC10\WIN32\DEBUG\TAPPENCODER\VC100.PDB
E:\IEEE MM\NEW PRO\HM 原始\HM16.0\BIN\VC10\WIN32\DEBUG\TAPPENCODER.EXE
E:\IEEE MM\NEW PRO\HM 原始\HM16.0\BIN\VC10\WIN32\DEBUG\TAPPENCODER.ILK
E:\IEEE MM\NEW PRO\HM 原始\HM16.0\BIN\VC10\WIN32\DEBUG\TAPPENCODER.PDB
E:\IEEE MM\NEW PRO\HM 原始\HM16.0\BUILD\VC10\WIN32\DEBUG\TAPPENCODER\ENCMAIN.OBJ
E:\IEEE MM\NEW PRO\HM 原始\HM16.0\BUILD\VC10\WIN32\DEBUG\TAPPENCODER\TAPPENCCFG.OBJ
E:\IEEE MM\NEW PRO\HM 原始\HM16.0\BUILD\VC10\WIN32\DEBUG\TAPPENCODER\TAPPENCODER.EXE.EMBED.MANIFEST
E:\IEEE MM\NEW PRO\HM 原始\HM16.0\BUILD\VC10\WIN32\DEBUG\TAPPENCODER\TAPPENCODER.EXE.EMBED.MANIFEST.RES
E:\IEEE MM\NEW PRO\HM 原始\HM16.0\BUILD\VC10\WIN32\DEBUG\TAPPENCODER\TAPPENCODER.EXE.INTERMEDIATE.MANIFEST
E:\IEEE MM\NEW PRO\HM 原始\HM16.0\BUILD\VC10\WIN32\DEBUG\TAPPENCODER\TAPPENCTOP.OBJ
E:\IEEE MM\NEW PRO\HM 原始\HM16.0\BUILD\VC10\WIN32\DEBUG\TAPPENCODER\VC100.PDB
