生成启动时间为 2016/12/21 12:33:16。
     1>项目“D:\compressdomain\release\HM16.0_fixqp\build\vc10\TLibCommon_vc10.vcxproj”在节点 5 上(rebuild 个目标)。
     1>_PrepareForClean:
         正在删除文件“D:\compressdomain\release\HM16.0_fixqp\build\\vc10\Win32\Debug\TLibCommon\TLibCommon.lastbuildstate”。
       InitializeBuildStatus:
         正在创建“D:\compressdomain\release\HM16.0_fixqp\build\\vc10\Win32\Debug\TLibCommon\TLibCommon.unsuccessfulbuild”，因为已指定“AlwaysCreate”。
       ClCompile:
         C:\Program Files (x86)\Microsoft Visual Studio 10.0\VC\bin\CL.exe /c /ID:\compressdomain\release\HM16.0_fixqp\build\\..\source\Lib\ /ID:\compressdomain\release\HM16.0_fixqp\build\\..\compat\msvc /ZI /nologo /W3 /WX- /Od /Oy- /D WIN32 /D _DEBUG /D _LIB /D _CRT_SECURE_NO_WARNINGS /D _MBCS /Gm /EHsc /RTC1 /MTd /GS /fp:precise /Zc:wchar_t /Zc:forScope /Fo"D:\compressdomain\release\HM16.0_fixqp\build\\vc10\Win32\Debug\TLibCommon\\" /Fd"D:\compressdomain\release\HM16.0_fixqp\build\\vc10\Win32\Debug\TLibCommon\vc100.pdb" /Gd /TC /analyze- /errorReport:prompt ..\..\source\Lib\libmd5\libmd5.c
         libmd5.c
         C:\Program Files (x86)\Microsoft Visual Studio 10.0\VC\bin\CL.exe /c /ID:\compressdomain\release\HM16.0_fixqp\build\\..\source\Lib\ /ID:\compressdomain\release\HM16.0_fixqp\build\\..\compat\msvc /ZI /nologo /W3 /WX- /Od /Oy- /D WIN32 /D _DEBUG /D _LIB /D _CRT_SECURE_NO_WARNINGS /D _MBCS /Gm /EHsc /RTC1 /MTd /GS /fp:precise /Zc:wchar_t /Zc:forScope /Fo"D:\compressdomain\release\HM16.0_fixqp\build\\vc10\Win32\Debug\TLibCommon\\" /Fd"D:\compressdomain\release\HM16.0_fixqp\build\\vc10\Win32\Debug\TLibCommon\vc100.pdb" /Gd /TP /analyze- /errorReport:prompt ..\..\source\Lib\TLibCommon\ContextModel.cpp ..\..\source\Lib\TLibCommon\ContextModel3DBuffer.cpp ..\..\source\Lib\TLibCommon\Debug.cpp ..\..\source\Lib\TLibCommon\SEI.cpp ..\..\source\Lib\TLibCommon\TComBitStream.cpp ..\..\source\Lib\TLibCommon\TComCABACTables.cpp ..\..\source\Lib\TLibCommon\TComChromaFormat.cpp ..\..\source\Lib\TLibCommon\TComDataCU.cpp ..\..\source\Lib\TLibCommon\TComInterpolationFilter.cpp ..\..\source\Lib\TLibCommon\TComLoopFilter.cpp ..\..\source\Lib\TLibCommon\TComMotionInfo.cpp ..\..\source\Lib\TLibCommon\TComPattern.cpp ..\..\source\Lib\TLibCommon\TComPic.cpp ..\..\source\Lib\TLibCommon\TComPicSym.cpp ..\..\source\Lib\TLibCommon\TComPicYuv.cpp ..\..\source\Lib\TLibCommon\TComPicYuvMD5.cpp ..\..\source\Lib\TLibCommon\TComPrediction.cpp ..\..\source\Lib\TLibCommon\TComRdCost.cpp ..\..\source\Lib\TLibCommon\TComRdCostWeightPrediction.cpp ..\..\source\Lib\TLibCommon\TComRom.cpp ..\..\source\Lib\TLibCommon\TComSampleAdaptiveOffset.cpp ..\..\source\Lib\TLibCommon\TComSlice.cpp ..\..\source\Lib\TLibCommon\TComTrQuant.cpp ..\..\source\Lib\TLibCommon\TComTU.cpp ..\..\source\Lib\TLibCommon\TComWeightPrediction.cpp ..\..\source\Lib\TLibCommon\TComYuv.cpp
         TComYuv.cpp
         TComWeightPrediction.cpp
         TComTU.cpp
         TComTrQuant.cpp
         TComSlice.cpp
         TComSampleAdaptiveOffset.cpp
         TComRom.cpp
         TComRdCostWeightPrediction.cpp
         TComRdCost.cpp
         TComPrediction.cpp
         TComPicYuvMD5.cpp
         TComPicYuv.cpp
         TComPicSym.cpp
         TComPic.cpp
         TComPattern.cpp
         TComMotionInfo.cpp
         TComLoopFilter.cpp
         TComInterpolationFilter.cpp
         TComDataCU.cpp
         TComChromaFormat.cpp
         正在生成代码...
         正在编译...
         TComCABACTables.cpp
         TComBitStream.cpp
         SEI.cpp
         Debug.cpp
         ContextModel3DBuffer.cpp
         ContextModel.cpp
         正在生成代码...
       Lib:
         C:\Program Files (x86)\Microsoft Visual Studio 10.0\VC\bin\Lib.exe /OUT:"D:\compressdomain\release\HM16.0_fixqp\build\\vc10\Win32\Debug\TLibCommon\TLibCommon.lib" /NOLOGO D:\compressdomain\release\HM16.0_fixqp\build\\vc10\Win32\Debug\TLibCommon\libmd5.obj
         D:\compressdomain\release\HM16.0_fixqp\build\\vc10\Win32\Debug\TLibCommon\ContextModel.obj
         D:\compressdomain\release\HM16.0_fixqp\build\\vc10\Win32\Debug\TLibCommon\ContextModel3DBuffer.obj
         D:\compressdomain\release\HM16.0_fixqp\build\\vc10\Win32\Debug\TLibCommon\Debug.obj
         D:\compressdomain\release\HM16.0_fixqp\build\\vc10\Win32\Debug\TLibCommon\SEI.obj
         D:\compressdomain\release\HM16.0_fixqp\build\\vc10\Win32\Debug\TLibCommon\TComBitStream.obj
         D:\compressdomain\release\HM16.0_fixqp\build\\vc10\Win32\Debug\TLibCommon\TComCABACTables.obj
         D:\compressdomain\release\HM16.0_fixqp\build\\vc10\Win32\Debug\TLibCommon\TComChromaFormat.obj
         D:\compressdomain\release\HM16.0_fixqp\build\\vc10\Win32\Debug\TLibCommon\TComDataCU.obj
         D:\compressdomain\release\HM16.0_fixqp\build\\vc10\Win32\Debug\TLibCommon\TComInterpolationFilter.obj
         D:\compressdomain\release\HM16.0_fixqp\build\\vc10\Win32\Debug\TLibCommon\TComLoopFilter.obj
         D:\compressdomain\release\HM16.0_fixqp\build\\vc10\Win32\Debug\TLibCommon\TComMotionInfo.obj
         D:\compressdomain\release\HM16.0_fixqp\build\\vc10\Win32\Debug\TLibCommon\TComPattern.obj
         D:\compressdomain\release\HM16.0_fixqp\build\\vc10\Win32\Debug\TLibCommon\TComPic.obj
         D:\compressdomain\release\HM16.0_fixqp\build\\vc10\Win32\Debug\TLibCommon\TComPicSym.obj
         D:\compressdomain\release\HM16.0_fixqp\build\\vc10\Win32\Debug\TLibCommon\TComPicYuv.obj
         D:\compressdomain\release\HM16.0_fixqp\build\\vc10\Win32\Debug\TLibCommon\TComPicYuvMD5.obj
         D:\compressdomain\release\HM16.0_fixqp\build\\vc10\Win32\Debug\TLibCommon\TComPrediction.obj
         D:\compressdomain\release\HM16.0_fixqp\build\\vc10\Win32\Debug\TLibCommon\TComRdCost.obj
         D:\compressdomain\release\HM16.0_fixqp\build\\vc10\Win32\Debug\TLibCommon\TComRdCostWeightPrediction.obj
         D:\compressdomain\release\HM16.0_fixqp\build\\vc10\Win32\Debug\TLibCommon\TComRom.obj
         D:\compressdomain\release\HM16.0_fixqp\build\\vc10\Win32\Debug\TLibCommon\TComSampleAdaptiveOffset.obj
         D:\compressdomain\release\HM16.0_fixqp\build\\vc10\Win32\Debug\TLibCommon\TComSlice.obj
         D:\compressdomain\release\HM16.0_fixqp\build\\vc10\Win32\Debug\TLibCommon\TComTrQuant.obj
         D:\compressdomain\release\HM16.0_fixqp\build\\vc10\Win32\Debug\TLibCommon\TComTU.obj
         D:\compressdomain\release\HM16.0_fixqp\build\\vc10\Win32\Debug\TLibCommon\TComWeightPrediction.obj
         D:\compressdomain\release\HM16.0_fixqp\build\\vc10\Win32\Debug\TLibCommon\TComYuv.obj
         TLibCommon_vc10.vcxproj -> D:\compressdomain\release\HM16.0_fixqp\build\\vc10\Win32\Debug\TLibCommon\TLibCommon.lib
       FinalizeBuildStatus:
         正在删除文件“D:\compressdomain\release\HM16.0_fixqp\build\\vc10\Win32\Debug\TLibCommon\TLibCommon.unsuccessfulbuild”。
         正在对“D:\compressdomain\release\HM16.0_fixqp\build\\vc10\Win32\Debug\TLibCommon\TLibCommon.lastbuildstate”执行 Touch 任务。
     1>已完成生成项目“D:\compressdomain\release\HM16.0_fixqp\build\vc10\TLibCommon_vc10.vcxproj”(rebuild 个目标)的操作。

生成成功。

已用时间 00:00:13.79
