D:\compressdomain\release\HM16.0_fixqp\build\\vc10\Win32\Debug\TLibCommon\TLibCommon.lib
D:\compressdomain\release\HM16.0_fixqp\build\vc10\Win32\Debug\TLibCommon\cl.command.1.tlog
D:\compressdomain\release\HM16.0_fixqp\build\vc10\Win32\Debug\TLibCommon\CL.read.1.tlog
D:\compressdomain\release\HM16.0_fixqp\build\vc10\Win32\Debug\TLibCommon\CL.write.1.tlog
D:\COMPRESSDOMAIN\RELEASE\HM16.0_FIXQP\BUILD\VC10\WIN32\DEBUG\TLIBCOMMON\CONTEXTMODEL.OBJ
D:\COMPRESSDOMAIN\RELEASE\HM16.0_FIXQP\BUILD\VC10\WIN32\DEBUG\TLIBCOMMON\CONTEXTMODEL3DBUFFER.OBJ
D:\COMPRESSDOMAIN\RELEASE\HM16.0_FIXQP\BUILD\VC10\WIN32\DEBUG\TLIBCOMMON\DEBUG.OBJ
D:\compressdomain\release\HM16.0_fixqp\build\vc10\Win32\Debug\TLibCommon\lib.command.1.tlog
D:\compressdomain\release\HM16.0_fixqp\build\vc10\Win32\Debug\TLibCommon\Lib-link.read.1.tlog
D:\compressdomain\release\HM16.0_fixqp\build\vc10\Win32\Debug\TLibCommon\Lib-link.write.1.tlog
D:\COMPRESSDOMAIN\RELEASE\HM16.0_FIXQP\BUILD\VC10\WIN32\DEBUG\TLIBCOMMON\LIBMD5.OBJ
D:\COMPRESSDOMAIN\RELEASE\HM16.0_FIXQP\BUILD\VC10\WIN32\DEBUG\TLIBCOMMON\SEI.OBJ
D:\COMPRESSDOMAIN\RELEASE\HM16.0_FIXQP\BUILD\VC10\WIN32\DEBUG\TLIBCOMMON\TCOMBITSTREAM.OBJ
D:\COMPRESSDOMAIN\RELEASE\HM16.0_FIXQP\BUILD\VC10\WIN32\DEBUG\TLIBCOMMON\TCOMCABACTABLES.OBJ
D:\COMPRESSDOMAIN\RELEASE\HM16.0_FIXQP\BUILD\VC10\WIN32\DEBUG\TLIBCOMMON\TCOMCHROMAFORMAT.OBJ
D:\COMPRESSDOMAIN\RELEASE\HM16.0_FIXQP\BUILD\VC10\WIN32\DEBUG\TLIBCOMMON\TCOMDATACU.OBJ
D:\COMPRESSDOMAIN\RELEASE\HM16.0_FIXQP\BUILD\VC10\WIN32\DEBUG\TLIBCOMMON\TCOMINTERPOLATIONFILTER.OBJ
D:\COMPRESSDOMAIN\RELEASE\HM16.0_FIXQP\BUILD\VC10\WIN32\DEBUG\TLIBCOMMON\TCOMLOOPFILTER.OBJ
D:\COMPRESSDOMAIN\RELEASE\HM16.0_FIXQP\BUILD\VC10\WIN32\DEBUG\TLIBCOMMON\TCOMMOTIONINFO.OBJ
D:\COMPRESSDOMAIN\RELEASE\HM16.0_FIXQP\BUILD\VC10\WIN32\DEBUG\TLIBCOMMON\TCOMPATTERN.OBJ
D:\COMPRESSDOMAIN\RELEASE\HM16.0_FIXQP\BUILD\VC10\WIN32\DEBUG\TLIBCOMMON\TCOMPIC.OBJ
D:\COMPRESSDOMAIN\RELEASE\HM16.0_FIXQP\BUILD\VC10\WIN32\DEBUG\TLIBCOMMON\TCOMPICSYM.OBJ
D:\COMPRESSDOMAIN\RELEASE\HM16.0_FIXQP\BUILD\VC10\WIN32\DEBUG\TLIBCOMMON\TCOMPICYUV.OBJ
D:\COMPRESSDOMAIN\RELEASE\HM16.0_FIXQP\BUILD\VC10\WIN32\DEBUG\TLIBCOMMON\TCOMPICYUVMD5.OBJ
D:\COMPRESSDOMAIN\RELEASE\HM16.0_FIXQP\BUILD\VC10\WIN32\DEBUG\TLIBCOMMON\TCOMPREDICTION.OBJ
D:\COMPRESSDOMAIN\RELEASE\HM16.0_FIXQP\BUILD\VC10\WIN32\DEBUG\TLIBCOMMON\TCOMRDCOST.OBJ
D:\COMPRESSDOMAIN\RELEASE\HM16.0_FIXQP\BUILD\VC10\WIN32\DEBUG\TLIBCOMMON\TCOMRDCOSTWEIGHTPREDICTION.OBJ
D:\COMPRESSDOMAIN\RELEASE\HM16.0_FIXQP\BUILD\VC10\WIN32\DEBUG\TLIBCOMMON\TCOMROM.OBJ
D:\COMPRESSDOMAIN\RELEASE\HM16.0_FIXQP\BUILD\VC10\WIN32\DEBUG\TLIBCOMMON\TCOMSAMPLEADAPTIVEOFFSET.OBJ
D:\COMPRESSDOMAIN\RELEASE\HM16.0_FIXQP\BUILD\VC10\WIN32\DEBUG\TLIBCOMMON\TCOMSLICE.OBJ
D:\COMPRESSDOMAIN\RELEASE\HM16.0_FIXQP\BUILD\VC10\WIN32\DEBUG\TLIBCOMMON\TCOMTRQUANT.OBJ
D:\COMPRESSDOMAIN\RELEASE\HM16.0_FIXQP\BUILD\VC10\WIN32\DEBUG\TLIBCOMMON\TCOMTU.OBJ
D:\COMPRESSDOMAIN\RELEASE\HM16.0_FIXQP\BUILD\VC10\WIN32\DEBUG\TLIBCOMMON\TCOMWEIGHTPREDICTION.OBJ
D:\COMPRESSDOMAIN\RELEASE\HM16.0_FIXQP\BUILD\VC10\WIN32\DEBUG\TLIBCOMMON\TCOMYUV.OBJ
D:\COMPRESSDOMAIN\RELEASE\HM16.0_FIXQP\BUILD\VC10\WIN32\DEBUG\TLIBCOMMON\TLIBCOMMON.LIB
D:\compressdomain\release\HM16.0_fixqp\build\vc10\Win32\Debug\TLibCommon\TLibCommon.write.1.tlog
D:\compressdomain\release\HM16.0_fixqp\build\vc10\Win32\Debug\TLibCommon\TLibCommon_vc10.vcxprojResolveAssemblyReference.cache
D:\compressdomain\release\HM16.0_fixqp\build\vc10\Win32\Debug\TLibCommon\vc100.idb
D:\COMPRESSDOMAIN\RELEASE\HM16.0_FIXQP\BUILD\VC10\WIN32\DEBUG\TLIBCOMMON\VC100.PDB
E:\IEEE MM\NEW PRO\HM 原始\HM16.0\BUILD\VC10\WIN32\DEBUG\TLIBCOMMON\CONTEXTMODEL.OBJ
E:\IEEE MM\NEW PRO\HM 原始\HM16.0\BUILD\VC10\WIN32\DEBUG\TLIBCOMMON\CONTEXTMODEL3DBUFFER.OBJ
E:\IEEE MM\NEW PRO\HM 原始\HM16.0\BUILD\VC10\WIN32\DEBUG\TLIBCOMMON\DEBUG.OBJ
E:\IEEE MM\NEW PRO\HM 原始\HM16.0\BUILD\VC10\WIN32\DEBUG\TLIBCOMMON\LIBMD5.OBJ
E:\IEEE MM\NEW PRO\HM 原始\HM16.0\BUILD\VC10\WIN32\DEBUG\TLIBCOMMON\SEI.OBJ
E:\IEEE MM\NEW PRO\HM 原始\HM16.0\BUILD\VC10\WIN32\DEBUG\TLIBCOMMON\TCOMBITSTREAM.OBJ
E:\IEEE MM\NEW PRO\HM 原始\HM16.0\BUILD\VC10\WIN32\DEBUG\TLIBCOMMON\TCOMCABACTABLES.OBJ
E:\IEEE MM\NEW PRO\HM 原始\HM16.0\BUILD\VC10\WIN32\DEBUG\TLIBCOMMON\TCOMCHROMAFORMAT.OBJ
E:\IEEE MM\NEW PRO\HM 原始\HM16.0\BUILD\VC10\WIN32\DEBUG\TLIBCOMMON\TCOMDATACU.OBJ
E:\IEEE MM\NEW PRO\HM 原始\HM16.0\BUILD\VC10\WIN32\DEBUG\TLIBCOMMON\TCOMINTERPOLATIONFILTER.OBJ
E:\IEEE MM\NEW PRO\HM 原始\HM16.0\BUILD\VC10\WIN32\DEBUG\TLIBCOMMON\TCOMLOOPFILTER.OBJ
E:\IEEE MM\NEW PRO\HM 原始\HM16.0\BUILD\VC10\WIN32\DEBUG\TLIBCOMMON\TCOMMOTIONINFO.OBJ
E:\IEEE MM\NEW PRO\HM 原始\HM16.0\BUILD\VC10\WIN32\DEBUG\TLIBCOMMON\TCOMPATTERN.OBJ
E:\IEEE MM\NEW PRO\HM 原始\HM16.0\BUILD\VC10\WIN32\DEBUG\TLIBCOMMON\TCOMPIC.OBJ
E:\IEEE MM\NEW PRO\HM 原始\HM16.0\BUILD\VC10\WIN32\DEBUG\TLIBCOMMON\TCOMPICSYM.OBJ
E:\IEEE MM\NEW PRO\HM 原始\HM16.0\BUILD\VC10\WIN32\DEBUG\TLIBCOMMON\TCOMPICYUV.OBJ
E:\IEEE MM\NEW PRO\HM 原始\HM16.0\BUILD\VC10\WIN32\DEBUG\TLIBCOMMON\TCOMPICYUVMD5.OBJ
E:\IEEE MM\NEW PRO\HM 原始\HM16.0\BUILD\VC10\WIN32\DEBUG\TLIBCOMMON\TCOMPREDICTION.OBJ
E:\IEEE MM\NEW PRO\HM 原始\HM16.0\BUILD\VC10\WIN32\DEBUG\TLIBCOMMON\TCOMRDCOST.OBJ
E:\IEEE MM\NEW PRO\HM 原始\HM16.0\BUILD\VC10\WIN32\DEBUG\TLIBCOMMON\TCOMRDCOSTWEIGHTPREDICTION.OBJ
E:\IEEE MM\NEW PRO\HM 原始\HM16.0\BUILD\VC10\WIN32\DEBUG\TLIBCOMMON\TCOMROM.OBJ
E:\IEEE MM\NEW PRO\HM 原始\HM16.0\BUILD\VC10\WIN32\DEBUG\TLIBCOMMON\TCOMSAMPLEADAPTIVEOFFSET.OBJ
E:\IEEE MM\NEW PRO\HM 原始\HM16.0\BUILD\VC10\WIN32\DEBUG\TLIBCOMMON\TCOMSLICE.OBJ
E:\IEEE MM\NEW PRO\HM 原始\HM16.0\BUILD\VC10\WIN32\DEBUG\TLIBCOMMON\TCOMTRQUANT.OBJ
E:\IEEE MM\NEW PRO\HM 原始\HM16.0\BUILD\VC10\WIN32\DEBUG\TLIBCOMMON\TCOMTU.OBJ
E:\IEEE MM\NEW PRO\HM 原始\HM16.0\BUILD\VC10\WIN32\DEBUG\TLIBCOMMON\TCOMWEIGHTPREDICTION.OBJ
E:\IEEE MM\NEW PRO\HM 原始\HM16.0\BUILD\VC10\WIN32\DEBUG\TLIBCOMMON\TCOMYUV.OBJ
E:\IEEE MM\NEW PRO\HM 原始\HM16.0\BUILD\VC10\WIN32\DEBUG\TLIBCOMMON\TLIBCOMMON.LIB
E:\IEEE MM\NEW PRO\HM 原始\HM16.0\BUILD\VC10\WIN32\DEBUG\TLIBCOMMON\VC100.PDB
