D:\compressdomain\HMC++\Kimono\HM_16.0_features\build\\vc10\x64\Release\TLibCommon\TLibCommon.lib
D:\compressdomain\HMC++\Kimono\HM_16.0_features\build\vc10\x64\Release\TLibCommon\cl.command.1.tlog
D:\compressdomain\HMC++\Kimono\HM_16.0_features\build\vc10\x64\Release\TLibCommon\CL.read.1.tlog
D:\compressdomain\HMC++\Kimono\HM_16.0_features\build\vc10\x64\Release\TLibCommon\CL.write.1.tlog
D:\COMPRESSDOMAIN\HMC++\KIMONO\HM_16.0_FEATURES\BUILD\VC10\X64\RELEASE\TLIBCOMMON\CONTEXTMODEL.OBJ
D:\COMPRESSDOMAIN\HMC++\KIMONO\HM_16.0_FEATURES\BUILD\VC10\X64\RELEASE\TLIBCOMMON\CONTEXTMODEL3DBUFFER.OBJ
D:\COMPRESSDOMAIN\HMC++\KIMONO\HM_16.0_FEATURES\BUILD\VC10\X64\RELEASE\TLIBCOMMON\DEBUG.OBJ
D:\compressdomain\HMC++\Kimono\HM_16.0_features\build\vc10\x64\Release\TLibCommon\lib.command.1.tlog
D:\compressdomain\HMC++\Kimono\HM_16.0_features\build\vc10\x64\Release\TLibCommon\Lib-link.read.1.tlog
D:\compressdomain\HMC++\Kimono\HM_16.0_features\build\vc10\x64\Release\TLibCommon\Lib-link.write.1.tlog
D:\COMPRESSDOMAIN\HMC++\KIMONO\HM_16.0_FEATURES\BUILD\VC10\X64\RELEASE\TLIBCOMMON\LIBMD5.OBJ
D:\COMPRESSDOMAIN\HMC++\KIMONO\HM_16.0_FEATURES\BUILD\VC10\X64\RELEASE\TLIBCOMMON\SEI.OBJ
D:\COMPRESSDOMAIN\HMC++\KIMONO\HM_16.0_FEATURES\BUILD\VC10\X64\RELEASE\TLIBCOMMON\TCOMBITSTREAM.OBJ
D:\COMPRESSDOMAIN\HMC++\KIMONO\HM_16.0_FEATURES\BUILD\VC10\X64\RELEASE\TLIBCOMMON\TCOMCABACTABLES.OBJ
D:\COMPRESSDOMAIN\HMC++\KIMONO\HM_16.0_FEATURES\BUILD\VC10\X64\RELEASE\TLIBCOMMON\TCOMCHROMAFORMAT.OBJ
D:\COMPRESSDOMAIN\HMC++\KIMONO\HM_16.0_FEATURES\BUILD\VC10\X64\RELEASE\TLIBCOMMON\TCOMDATACU.OBJ
D:\COMPRESSDOMAIN\HMC++\KIMONO\HM_16.0_FEATURES\BUILD\VC10\X64\RELEASE\TLIBCOMMON\TCOMINTERPOLATIONFILTER.OBJ
D:\COMPRESSDOMAIN\HMC++\KIMONO\HM_16.0_FEATURES\BUILD\VC10\X64\RELEASE\TLIBCOMMON\TCOMLOOPFILTER.OBJ
D:\COMPRESSDOMAIN\HMC++\KIMONO\HM_16.0_FEATURES\BUILD\VC10\X64\RELEASE\TLIBCOMMON\TCOMMOTIONINFO.OBJ
D:\COMPRESSDOMAIN\HMC++\KIMONO\HM_16.0_FEATURES\BUILD\VC10\X64\RELEASE\TLIBCOMMON\TCOMPATTERN.OBJ
D:\COMPRESSDOMAIN\HMC++\KIMONO\HM_16.0_FEATURES\BUILD\VC10\X64\RELEASE\TLIBCOMMON\TCOMPIC.OBJ
D:\COMPRESSDOMAIN\HMC++\KIMONO\HM_16.0_FEATURES\BUILD\VC10\X64\RELEASE\TLIBCOMMON\TCOMPICSYM.OBJ
D:\COMPRESSDOMAIN\HMC++\KIMONO\HM_16.0_FEATURES\BUILD\VC10\X64\RELEASE\TLIBCOMMON\TCOMPICYUV.OBJ
D:\COMPRESSDOMAIN\HMC++\KIMONO\HM_16.0_FEATURES\BUILD\VC10\X64\RELEASE\TLIBCOMMON\TCOMPICYUVMD5.OBJ
D:\COMPRESSDOMAIN\HMC++\KIMONO\HM_16.0_FEATURES\BUILD\VC10\X64\RELEASE\TLIBCOMMON\TCOMPREDICTION.OBJ
D:\COMPRESSDOMAIN\HMC++\KIMONO\HM_16.0_FEATURES\BUILD\VC10\X64\RELEASE\TLIBCOMMON\TCOMRDCOST.OBJ
D:\COMPRESSDOMAIN\HMC++\KIMONO\HM_16.0_FEATURES\BUILD\VC10\X64\RELEASE\TLIBCOMMON\TCOMRDCOSTWEIGHTPREDICTION.OBJ
D:\COMPRESSDOMAIN\HMC++\KIMONO\HM_16.0_FEATURES\BUILD\VC10\X64\RELEASE\TLIBCOMMON\TCOMROM.OBJ
D:\COMPRESSDOMAIN\HMC++\KIMONO\HM_16.0_FEATURES\BUILD\VC10\X64\RELEASE\TLIBCOMMON\TCOMSAMPLEADAPTIVEOFFSET.OBJ
D:\COMPRESSDOMAIN\HMC++\KIMONO\HM_16.0_FEATURES\BUILD\VC10\X64\RELEASE\TLIBCOMMON\TCOMSLICE.OBJ
D:\COMPRESSDOMAIN\HMC++\KIMONO\HM_16.0_FEATURES\BUILD\VC10\X64\RELEASE\TLIBCOMMON\TCOMTRQUANT.OBJ
D:\COMPRESSDOMAIN\HMC++\KIMONO\HM_16.0_FEATURES\BUILD\VC10\X64\RELEASE\TLIBCOMMON\TCOMTU.OBJ
D:\COMPRESSDOMAIN\HMC++\KIMONO\HM_16.0_FEATURES\BUILD\VC10\X64\RELEASE\TLIBCOMMON\TCOMWEIGHTPREDICTION.OBJ
D:\COMPRESSDOMAIN\HMC++\KIMONO\HM_16.0_FEATURES\BUILD\VC10\X64\RELEASE\TLIBCOMMON\TCOMYUV.OBJ
D:\COMPRESSDOMAIN\HMC++\KIMONO\HM_16.0_FEATURES\BUILD\VC10\X64\RELEASE\TLIBCOMMON\TLIBCOMMON.LIB
D:\compressdomain\HMC++\Kimono\HM_16.0_features\build\vc10\x64\Release\TLibCommon\TLibCommon.write.1.tlog
D:\COMPRESSDOMAIN\HMC++\KIMONO\HM_16.0_FEATURES\BUILD\VC10\X64\RELEASE\TLIBCOMMON\VC100.PDB
