生成启动时间为 2016/12/21 12:33:30。
     1>项目“D:\compressdomain\release\HM16.0_fixqp\build\vc10\TAppDecoder_vc10.vcxproj”在节点 3 上(rebuild 个目标)。
     1>InitializeBuildStatus:
         正在创建“D:\compressdomain\release\HM16.0_fixqp\build\\vc10\Win32\Debug\TAppDecoder\TAppDecoder.unsuccessfulbuild”，因为已指定“AlwaysCreate”。
       ClCompile:
         C:\Program Files (x86)\Microsoft Visual Studio 10.0\VC\bin\CL.exe /c /ID:\compressdomain\release\HM16.0_fixqp\build\\..\source\Lib\ /ID:\compressdomain\release\HM16.0_fixqp\build\\..\compat\msvc /ZI /nologo /W3 /WX- /Od /Oy- /D WIN32 /D _DEBUG /D _CONSOLE /D _CRT_SECURE_NO_WARNINGS /D _MBCS /Gm /EHsc /RTC1 /MTd /GS /fp:precise /Zc:wchar_t /Zc:forScope /Fo"D:\compressdomain\release\HM16.0_fixqp\build\\vc10\Win32\Debug\TAppDecoder\\" /Fd"D:\compressdomain\release\HM16.0_fixqp\build\\vc10\Win32\Debug\TAppDecoder\vc100.pdb" /Gd /TP /analyze- /errorReport:prompt ..\..\source\App\TAppDecoder\decmain.cpp ..\..\source\App\TAppDecoder\TAppDecCfg.cpp ..\..\source\App\TAppDecoder\TAppDecTop.cpp
         TAppDecTop.cpp
         TAppDecCfg.cpp
         decmain.cpp
         正在生成代码...
       ManifestResourceCompile:
         C:\Program Files (x86)\Microsoft SDKs\Windows\v7.0A\bin\rc.exe /nologo /fo"D:\compressdomain\release\HM16.0_fixqp\build\\vc10\Win32\Debug\TAppDecoder\TAppDecoder.exe.embed.manifest.res" D:\compressdomain\release\HM16.0_fixqp\build\\vc10\Win32\Debug\TAppDecoder\TAppDecoder_manifest.rc 
       Link:
         C:\Program Files (x86)\Microsoft Visual Studio 10.0\VC\bin\link.exe /ERRORREPORT:PROMPT /OUT:"D:\compressdomain\release\HM16.0_fixqp\build\\..\bin\vc10\Win32\Debug\TAppDecoder.exe" /INCREMENTAL /NOLOGO kernel32.lib user32.lib gdi32.lib winspool.lib comdlg32.lib advapi32.lib shell32.lib ole32.lib oleaut32.lib uuid.lib odbc32.lib odbccp32.lib /MANIFEST /ManifestFile:"D:\compressdomain\release\HM16.0_fixqp\build\\vc10\Win32\Debug\TAppDecoder\TAppDecoder.exe.intermediate.manifest" /MANIFESTUAC:"level='asInvoker' uiAccess='false'" /DEBUG /PDB:"D:\compressdomain\release\HM16.0_fixqp\bin\vc10\Win32\Debug\TAppDecoder.pdb" /SUBSYSTEM:CONSOLE /TLBID:1 /DYNAMICBASE /NXCOMPAT /IMPLIB:"D:\compressdomain\release\HM16.0_fixqp\build\\..\bin\vc10\Win32\Debug\TAppDecoder.lib" /MACHINE:X86 D:\compressdomain\release\HM16.0_fixqp\build\\vc10\Win32\Debug\TAppDecoder\TAppDecoder.exe.embed.manifest.res
         D:\compressdomain\release\HM16.0_fixqp\build\\vc10\Win32\Debug\TAppDecoder\decmain.obj
         D:\compressdomain\release\HM16.0_fixqp\build\\vc10\Win32\Debug\TAppDecoder\TAppDecCfg.obj
         D:\compressdomain\release\HM16.0_fixqp\build\\vc10\Win32\Debug\TAppDecoder\TAppDecTop.obj
         D:\compressdomain\release\HM16.0_fixqp\build\vc10\Win32\Debug\TAppCommon\TAppCommon.lib
         D:\compressdomain\release\HM16.0_fixqp\build\vc10\Win32\Debug\TLibCommon\TLibCommon.lib
         D:\compressdomain\release\HM16.0_fixqp\build\vc10\Win32\Debug\TLibDecoder\TLibDecoder.lib
         D:\compressdomain\release\HM16.0_fixqp\build\vc10\Win32\Debug\TLibVideoIo\TLibVideoIO.lib
       Manifest:
         正在删除文件“D:\compressdomain\release\HM16.0_fixqp\build\\vc10\Win32\Debug\TAppDecoder\TAppDecoder.exe.embed.manifest”。
         C:\Program Files (x86)\Microsoft SDKs\Windows\v7.0A\bin\mt.exe /nologo /verbose /out:"D:\compressdomain\release\HM16.0_fixqp\build\\vc10\Win32\Debug\TAppDecoder\TAppDecoder.exe.embed.manifest" /manifest D:\compressdomain\release\HM16.0_fixqp\build\\vc10\Win32\Debug\TAppDecoder\TAppDecoder.exe.intermediate.manifest
         C:\Program Files (x86)\Microsoft SDKs\Windows\v7.0A\bin\rc.exe /nologo /fo"D:\compressdomain\release\HM16.0_fixqp\build\\vc10\Win32\Debug\TAppDecoder\TAppDecoder.exe.embed.manifest.res" D:\compressdomain\release\HM16.0_fixqp\build\\vc10\Win32\Debug\TAppDecoder\TAppDecoder_manifest.rc 
       LinkEmbedManifest:
         C:\Program Files (x86)\Microsoft Visual Studio 10.0\VC\bin\link.exe /ERRORREPORT:PROMPT /OUT:"D:\compressdomain\release\HM16.0_fixqp\build\\..\bin\vc10\Win32\Debug\TAppDecoder.exe" /INCREMENTAL /NOLOGO kernel32.lib user32.lib gdi32.lib winspool.lib comdlg32.lib advapi32.lib shell32.lib ole32.lib oleaut32.lib uuid.lib odbc32.lib odbccp32.lib /MANIFEST /ManifestFile:"D:\compressdomain\release\HM16.0_fixqp\build\\vc10\Win32\Debug\TAppDecoder\TAppDecoder.exe.intermediate.manifest" /MANIFESTUAC:"level='asInvoker' uiAccess='false'" /DEBUG /PDB:"D:\compressdomain\release\HM16.0_fixqp\bin\vc10\Win32\Debug\TAppDecoder.pdb" /SUBSYSTEM:CONSOLE /TLBID:1 /DYNAMICBASE /NXCOMPAT /IMPLIB:"D:\compressdomain\release\HM16.0_fixqp\build\\..\bin\vc10\Win32\Debug\TAppDecoder.lib" /MACHINE:X86 D:\compressdomain\release\HM16.0_fixqp\build\\vc10\Win32\Debug\TAppDecoder\TAppDecoder.exe.embed.manifest.res
         D:\compressdomain\release\HM16.0_fixqp\build\\vc10\Win32\Debug\TAppDecoder\decmain.obj
         D:\compressdomain\release\HM16.0_fixqp\build\\vc10\Win32\Debug\TAppDecoder\TAppDecCfg.obj
         D:\compressdomain\release\HM16.0_fixqp\build\\vc10\Win32\Debug\TAppDecoder\TAppDecTop.obj
         D:\compressdomain\release\HM16.0_fixqp\build\vc10\Win32\Debug\TAppCommon\TAppCommon.lib
         D:\compressdomain\release\HM16.0_fixqp\build\vc10\Win32\Debug\TLibCommon\TLibCommon.lib
         D:\compressdomain\release\HM16.0_fixqp\build\vc10\Win32\Debug\TLibDecoder\TLibDecoder.lib
         D:\compressdomain\release\HM16.0_fixqp\build\vc10\Win32\Debug\TLibVideoIo\TLibVideoIO.lib
         TAppDecoder_vc10.vcxproj -> D:\compressdomain\release\HM16.0_fixqp\build\\..\bin\vc10\Win32\Debug\TAppDecoder.exe
       FinalizeBuildStatus:
         正在删除文件“D:\compressdomain\release\HM16.0_fixqp\build\\vc10\Win32\Debug\TAppDecoder\TAppDecoder.unsuccessfulbuild”。
         正在对“D:\compressdomain\release\HM16.0_fixqp\build\\vc10\Win32\Debug\TAppDecoder\TAppDecoder.lastbuildstate”执行 Touch 任务。
     1>已完成生成项目“D:\compressdomain\release\HM16.0_fixqp\build\vc10\TAppDecoder_vc10.vcxproj”(rebuild 个目标)的操作。

生成成功。

已用时间 00:00:11.74
