D:\compressdomain\HMC++\Kimono\HM_16.0_features\build\\vc10\x64\Release\TLibEncoder\TLibEncoder.lib
D:\compressdomain\HMC++\Kimono\HM_16.0_features\build\vc10\x64\Release\TLibEncoder\cl.command.1.tlog
D:\compressdomain\HMC++\Kimono\HM_16.0_features\build\vc10\x64\Release\TLibEncoder\CL.read.1.tlog
D:\compressdomain\HMC++\Kimono\HM_16.0_features\build\vc10\x64\Release\TLibEncoder\CL.write.1.tlog
D:\compressdomain\HMC++\Kimono\HM_16.0_features\build\vc10\x64\Release\TLibEncoder\lib.command.1.tlog
D:\compressdomain\HMC++\Kimono\HM_16.0_features\build\vc10\x64\Release\TLibEncoder\Lib-link.read.1.tlog
D:\compressdomain\HMC++\Kimono\HM_16.0_features\build\vc10\x64\Release\TLibEncoder\Lib-link.write.1.tlog
D:\COMPRESSDOMAIN\HMC++\KIMONO\HM_16.0_FEATURES\BUILD\VC10\X64\RELEASE\TLIBENCODER\NALWRITE.OBJ
D:\COMPRESSDOMAIN\HMC++\KIMONO\HM_16.0_FEATURES\BUILD\VC10\X64\RELEASE\TLIBENCODER\SEIWRITE.OBJ
D:\COMPRESSDOMAIN\HMC++\KIMONO\HM_16.0_FEATURES\BUILD\VC10\X64\RELEASE\TLIBENCODER\SYNTAXELEMENTWRITER.OBJ
D:\COMPRESSDOMAIN\HMC++\KIMONO\HM_16.0_FEATURES\BUILD\VC10\X64\RELEASE\TLIBENCODER\TENCANALYZE.OBJ
D:\COMPRESSDOMAIN\HMC++\KIMONO\HM_16.0_FEATURES\BUILD\VC10\X64\RELEASE\TLIBENCODER\TENCBINCODERCABAC.OBJ
D:\COMPRESSDOMAIN\HMC++\KIMONO\HM_16.0_FEATURES\BUILD\VC10\X64\RELEASE\TLIBENCODER\TENCBINCODERCABACCOUNTER.OBJ
D:\COMPRESSDOMAIN\HMC++\KIMONO\HM_16.0_FEATURES\BUILD\VC10\X64\RELEASE\TLIBENCODER\TENCCAVLC.OBJ
D:\COMPRESSDOMAIN\HMC++\KIMONO\HM_16.0_FEATURES\BUILD\VC10\X64\RELEASE\TLIBENCODER\TENCCU.OBJ
D:\COMPRESSDOMAIN\HMC++\KIMONO\HM_16.0_FEATURES\BUILD\VC10\X64\RELEASE\TLIBENCODER\TENCENTROPY.OBJ
D:\COMPRESSDOMAIN\HMC++\KIMONO\HM_16.0_FEATURES\BUILD\VC10\X64\RELEASE\TLIBENCODER\TENCGOP.OBJ
D:\COMPRESSDOMAIN\HMC++\KIMONO\HM_16.0_FEATURES\BUILD\VC10\X64\RELEASE\TLIBENCODER\TENCPIC.OBJ
D:\COMPRESSDOMAIN\HMC++\KIMONO\HM_16.0_FEATURES\BUILD\VC10\X64\RELEASE\TLIBENCODER\TENCPREANALYZER.OBJ
D:\COMPRESSDOMAIN\HMC++\KIMONO\HM_16.0_FEATURES\BUILD\VC10\X64\RELEASE\TLIBENCODER\TENCRATECTRL.OBJ
D:\COMPRESSDOMAIN\HMC++\KIMONO\HM_16.0_FEATURES\BUILD\VC10\X64\RELEASE\TLIBENCODER\TENCSAMPLEADAPTIVEOFFSET.OBJ
D:\COMPRESSDOMAIN\HMC++\KIMONO\HM_16.0_FEATURES\BUILD\VC10\X64\RELEASE\TLIBENCODER\TENCSBAC.OBJ
D:\COMPRESSDOMAIN\HMC++\KIMONO\HM_16.0_FEATURES\BUILD\VC10\X64\RELEASE\TLIBENCODER\TENCSEARCH.OBJ
D:\COMPRESSDOMAIN\HMC++\KIMONO\HM_16.0_FEATURES\BUILD\VC10\X64\RELEASE\TLIBENCODER\TENCSLICE.OBJ
D:\COMPRESSDOMAIN\HMC++\KIMONO\HM_16.0_FEATURES\BUILD\VC10\X64\RELEASE\TLIBENCODER\TENCTOP.OBJ
D:\COMPRESSDOMAIN\HMC++\KIMONO\HM_16.0_FEATURES\BUILD\VC10\X64\RELEASE\TLIBENCODER\TLIBENCODER.LIB
D:\compressdomain\HMC++\Kimono\HM_16.0_features\build\vc10\x64\Release\TLibEncoder\TLibEncoder.write.1.tlog
D:\compressdomain\HMC++\Kimono\HM_16.0_features\build\vc10\x64\Release\TLibEncoder\TLibEncoder_vc10.vcxprojResolveAssemblyReference.cache
D:\COMPRESSDOMAIN\HMC++\KIMONO\HM_16.0_FEATURES\BUILD\VC10\X64\RELEASE\TLIBENCODER\VC100.PDB
D:\COMPRESSDOMAIN\HMC++\KIMONO\HM_16.0_FEATURES\BUILD\VC10\X64\RELEASE\TLIBENCODER\WEIGHTPREDANALYSIS.OBJ
