D:\compressdomain\release\HM16.0_fixqp\build\\vc10\Win32\Debug\TLibEncoder\TLibEncoder.lib
D:\compressdomain\release\HM16.0_fixqp\build\vc10\Win32\Debug\TLibEncoder\cl.command.1.tlog
D:\compressdomain\release\HM16.0_fixqp\build\vc10\Win32\Debug\TLibEncoder\CL.read.1.tlog
D:\compressdomain\release\HM16.0_fixqp\build\vc10\Win32\Debug\TLibEncoder\CL.write.1.tlog
D:\compressdomain\release\HM16.0_fixqp\build\vc10\Win32\Debug\TLibEncoder\lib.command.1.tlog
D:\compressdomain\release\HM16.0_fixqp\build\vc10\Win32\Debug\TLibEncoder\Lib-link.read.1.tlog
D:\compressdomain\release\HM16.0_fixqp\build\vc10\Win32\Debug\TLibEncoder\Lib-link.write.1.tlog
D:\COMPRESSDOMAIN\RELEASE\HM16.0_FIXQP\BUILD\VC10\WIN32\DEBUG\TLIBENCODER\NALWRITE.OBJ
D:\COMPRESSDOMAIN\RELEASE\HM16.0_FIXQP\BUILD\VC10\WIN32\DEBUG\TLIBENCODER\SEIWRITE.OBJ
D:\COMPRESSDOMAIN\RELEASE\HM16.0_FIXQP\BUILD\VC10\WIN32\DEBUG\TLIBENCODER\SYNTAXELEMENTWRITER.OBJ
D:\COMPRESSDOMAIN\RELEASE\HM16.0_FIXQP\BUILD\VC10\WIN32\DEBUG\TLIBENCODER\TENCANALYZE.OBJ
D:\COMPRESSDOMAIN\RELEASE\HM16.0_FIXQP\BUILD\VC10\WIN32\DEBUG\TLIBENCODER\TENCBINCODERCABAC.OBJ
D:\COMPRESSDOMAIN\RELEASE\HM16.0_FIXQP\BUILD\VC10\WIN32\DEBUG\TLIBENCODER\TENCBINCODERCABACCOUNTER.OBJ
D:\COMPRESSDOMAIN\RELEASE\HM16.0_FIXQP\BUILD\VC10\WIN32\DEBUG\TLIBENCODER\TENCCAVLC.OBJ
D:\COMPRESSDOMAIN\RELEASE\HM16.0_FIXQP\BUILD\VC10\WIN32\DEBUG\TLIBENCODER\TENCCU.OBJ
D:\COMPRESSDOMAIN\RELEASE\HM16.0_FIXQP\BUILD\VC10\WIN32\DEBUG\TLIBENCODER\TENCENTROPY.OBJ
D:\COMPRESSDOMAIN\RELEASE\HM16.0_FIXQP\BUILD\VC10\WIN32\DEBUG\TLIBENCODER\TENCGOP.OBJ
D:\COMPRESSDOMAIN\RELEASE\HM16.0_FIXQP\BUILD\VC10\WIN32\DEBUG\TLIBENCODER\TENCPIC.OBJ
D:\COMPRESSDOMAIN\RELEASE\HM16.0_FIXQP\BUILD\VC10\WIN32\DEBUG\TLIBENCODER\TENCPREANALYZER.OBJ
D:\COMPRESSDOMAIN\RELEASE\HM16.0_FIXQP\BUILD\VC10\WIN32\DEBUG\TLIBENCODER\TENCRATECTRL.OBJ
D:\COMPRESSDOMAIN\RELEASE\HM16.0_FIXQP\BUILD\VC10\WIN32\DEBUG\TLIBENCODER\TENCSAMPLEADAPTIVEOFFSET.OBJ
D:\COMPRESSDOMAIN\RELEASE\HM16.0_FIXQP\BUILD\VC10\WIN32\DEBUG\TLIBENCODER\TENCSBAC.OBJ
D:\COMPRESSDOMAIN\RELEASE\HM16.0_FIXQP\BUILD\VC10\WIN32\DEBUG\TLIBENCODER\TENCSEARCH.OBJ
D:\COMPRESSDOMAIN\RELEASE\HM16.0_FIXQP\BUILD\VC10\WIN32\DEBUG\TLIBENCODER\TENCSLICE.OBJ
D:\COMPRESSDOMAIN\RELEASE\HM16.0_FIXQP\BUILD\VC10\WIN32\DEBUG\TLIBENCODER\TENCTOP.OBJ
D:\COMPRESSDOMAIN\RELEASE\HM16.0_FIXQP\BUILD\VC10\WIN32\DEBUG\TLIBENCODER\TLIBENCODER.LIB
D:\compressdomain\release\HM16.0_fixqp\build\vc10\Win32\Debug\TLibEncoder\TLibEncoder.write.1.tlog
D:\compressdomain\release\HM16.0_fixqp\build\vc10\Win32\Debug\TLibEncoder\TLibEncoder_vc10.vcxprojResolveAssemblyReference.cache
D:\compressdomain\release\HM16.0_fixqp\build\vc10\Win32\Debug\TLibEncoder\vc100.idb
D:\COMPRESSDOMAIN\RELEASE\HM16.0_FIXQP\BUILD\VC10\WIN32\DEBUG\TLIBENCODER\VC100.PDB
D:\COMPRESSDOMAIN\RELEASE\HM16.0_FIXQP\BUILD\VC10\WIN32\DEBUG\TLIBENCODER\WEIGHTPREDANALYSIS.OBJ
E:\IEEE MM\NEW PRO\HM 原始\HM16.0\BUILD\VC10\WIN32\DEBUG\TLIBENCODER\NALWRITE.OBJ
E:\IEEE MM\NEW PRO\HM 原始\HM16.0\BUILD\VC10\WIN32\DEBUG\TLIBENCODER\SEIWRITE.OBJ
E:\IEEE MM\NEW PRO\HM 原始\HM16.0\BUILD\VC10\WIN32\DEBUG\TLIBENCODER\SYNTAXELEMENTWRITER.OBJ
E:\IEEE MM\NEW PRO\HM 原始\HM16.0\BUILD\VC10\WIN32\DEBUG\TLIBENCODER\TENCANALYZE.OBJ
E:\IEEE MM\NEW PRO\HM 原始\HM16.0\BUILD\VC10\WIN32\DEBUG\TLIBENCODER\TENCBINCODERCABAC.OBJ
E:\IEEE MM\NEW PRO\HM 原始\HM16.0\BUILD\VC10\WIN32\DEBUG\TLIBENCODER\TENCBINCODERCABACCOUNTER.OBJ
E:\IEEE MM\NEW PRO\HM 原始\HM16.0\BUILD\VC10\WIN32\DEBUG\TLIBENCODER\TENCCAVLC.OBJ
E:\IEEE MM\NEW PRO\HM 原始\HM16.0\BUILD\VC10\WIN32\DEBUG\TLIBENCODER\TENCCU.OBJ
E:\IEEE MM\NEW PRO\HM 原始\HM16.0\BUILD\VC10\WIN32\DEBUG\TLIBENCODER\TENCENTROPY.OBJ
E:\IEEE MM\NEW PRO\HM 原始\HM16.0\BUILD\VC10\WIN32\DEBUG\TLIBENCODER\TENCGOP.OBJ
E:\IEEE MM\NEW PRO\HM 原始\HM16.0\BUILD\VC10\WIN32\DEBUG\TLIBENCODER\TENCPIC.OBJ
E:\IEEE MM\NEW PRO\HM 原始\HM16.0\BUILD\VC10\WIN32\DEBUG\TLIBENCODER\TENCPREANALYZER.OBJ
E:\IEEE MM\NEW PRO\HM 原始\HM16.0\BUILD\VC10\WIN32\DEBUG\TLIBENCODER\TENCRATECTRL.OBJ
E:\IEEE MM\NEW PRO\HM 原始\HM16.0\BUILD\VC10\WIN32\DEBUG\TLIBENCODER\TENCSAMPLEADAPTIVEOFFSET.OBJ
E:\IEEE MM\NEW PRO\HM 原始\HM16.0\BUILD\VC10\WIN32\DEBUG\TLIBENCODER\TENCSBAC.OBJ
E:\IEEE MM\NEW PRO\HM 原始\HM16.0\BUILD\VC10\WIN32\DEBUG\TLIBENCODER\TENCSEARCH.OBJ
E:\IEEE MM\NEW PRO\HM 原始\HM16.0\BUILD\VC10\WIN32\DEBUG\TLIBENCODER\TENCSLICE.OBJ
E:\IEEE MM\NEW PRO\HM 原始\HM16.0\BUILD\VC10\WIN32\DEBUG\TLIBENCODER\TENCTOP.OBJ
E:\IEEE MM\NEW PRO\HM 原始\HM16.0\BUILD\VC10\WIN32\DEBUG\TLIBENCODER\TLIBENCODER.LIB
E:\IEEE MM\NEW PRO\HM 原始\HM16.0\BUILD\VC10\WIN32\DEBUG\TLIBENCODER\VC100.PDB
E:\IEEE MM\NEW PRO\HM 原始\HM16.0\BUILD\VC10\WIN32\DEBUG\TLIBENCODER\WEIGHTPREDANALYSIS.OBJ
