D:\compressdomain\HMC++\Kimono\HM_16.0_features\build\\vc10\x64\Release\TLibDecoder\TLibDecoder.lib
D:\COMPRESSDOMAIN\HMC++\KIMONO\HM_16.0_FEATURES\BUILD\VC10\X64\RELEASE\TLIBDECODER\ANNEXBREAD.OBJ
D:\compressdomain\HMC++\Kimono\HM_16.0_features\build\vc10\x64\Release\TLibDecoder\cl.command.1.tlog
D:\compressdomain\HMC++\Kimono\HM_16.0_features\build\vc10\x64\Release\TLibDecoder\CL.read.1.tlog
D:\compressdomain\HMC++\Kimono\HM_16.0_features\build\vc10\x64\Release\TLibDecoder\CL.write.1.tlog
D:\COMPRESSDOMAIN\HMC++\KIMONO\HM_16.0_FEATURES\BUILD\VC10\X64\RELEASE\TLIBDECODER\CODE_MAT_H.OBJ
D:\compressdomain\HMC++\Kimono\HM_16.0_features\build\vc10\x64\Release\TLibDecoder\lib.command.1.tlog
D:\compressdomain\HMC++\Kimono\HM_16.0_features\build\vc10\x64\Release\TLibDecoder\Lib-link.read.1.tlog
D:\compressdomain\HMC++\Kimono\HM_16.0_features\build\vc10\x64\Release\TLibDecoder\Lib-link.write.1.tlog
D:\COMPRESSDOMAIN\HMC++\KIMONO\HM_16.0_FEATURES\BUILD\VC10\X64\RELEASE\TLIBDECODER\NALREAD.OBJ
D:\COMPRESSDOMAIN\HMC++\KIMONO\HM_16.0_FEATURES\BUILD\VC10\X64\RELEASE\TLIBDECODER\SALMAT.OBJ
D:\COMPRESSDOMAIN\HMC++\KIMONO\HM_16.0_FEATURES\BUILD\VC10\X64\RELEASE\TLIBDECODER\SEIREAD.OBJ
D:\COMPRESSDOMAIN\HMC++\KIMONO\HM_16.0_FEATURES\BUILD\VC10\X64\RELEASE\TLIBDECODER\STDAFX.OBJ
D:\COMPRESSDOMAIN\HMC++\KIMONO\HM_16.0_FEATURES\BUILD\VC10\X64\RELEASE\TLIBDECODER\SYNTAXELEMENTPARSER.OBJ
D:\COMPRESSDOMAIN\HMC++\KIMONO\HM_16.0_FEATURES\BUILD\VC10\X64\RELEASE\TLIBDECODER\TDECBINCODERCABAC.OBJ
D:\COMPRESSDOMAIN\HMC++\KIMONO\HM_16.0_FEATURES\BUILD\VC10\X64\RELEASE\TLIBDECODER\TDECCAVLC.OBJ
D:\COMPRESSDOMAIN\HMC++\KIMONO\HM_16.0_FEATURES\BUILD\VC10\X64\RELEASE\TLIBDECODER\TDECCU.OBJ
D:\COMPRESSDOMAIN\HMC++\KIMONO\HM_16.0_FEATURES\BUILD\VC10\X64\RELEASE\TLIBDECODER\TDECENTROPY.OBJ
D:\COMPRESSDOMAIN\HMC++\KIMONO\HM_16.0_FEATURES\BUILD\VC10\X64\RELEASE\TLIBDECODER\TDECGOP.OBJ
D:\COMPRESSDOMAIN\HMC++\KIMONO\HM_16.0_FEATURES\BUILD\VC10\X64\RELEASE\TLIBDECODER\TDECSBAC.OBJ
D:\COMPRESSDOMAIN\HMC++\KIMONO\HM_16.0_FEATURES\BUILD\VC10\X64\RELEASE\TLIBDECODER\TDECSLICE.OBJ
D:\COMPRESSDOMAIN\HMC++\KIMONO\HM_16.0_FEATURES\BUILD\VC10\X64\RELEASE\TLIBDECODER\TDECTOP.OBJ
D:\COMPRESSDOMAIN\HMC++\KIMONO\HM_16.0_FEATURES\BUILD\VC10\X64\RELEASE\TLIBDECODER\TLIBDECODER.LIB
D:\compressdomain\HMC++\Kimono\HM_16.0_features\build\vc10\x64\Release\TLibDecoder\TLibDecoder.write.1.tlog
D:\COMPRESSDOMAIN\HMC++\KIMONO\HM_16.0_FEATURES\BUILD\VC10\X64\RELEASE\TLIBDECODER\VC100.PDB
